<?xml version="1.0" encoding="UTF-8"?>
<testsuite name="com.tr.selenium.tests.GroupDeletionTests" tests="1" skipped="0" failures="0" errors="0" timestamp="2018-03-09T09:43:35" hostname="DESKTOP-HCUEGGS" time="61.47">
  <properties/>
  <testcase name="deletionGroupTest" classname="com.tr.selenium.tests.GroupDeletionTests" time="61.47"/>
  <system-out><![CDATA[]]></system-out>
  <system-err><![CDATA[]]></system-err>
</testsuite>
