<?xml version="1.0" encoding="UTF-8"?>
<testsuite name="com.tr.selenium.tests.GroupModificationTests" tests="1" skipped="0" failures="0" errors="0" timestamp="2018-03-09T09:43:32" hostname="DESKTOP-HCUEGGS" time="2.343">
  <properties/>
  <testcase name="modifyGrouptest" classname="com.tr.selenium.tests.GroupModificationTests" time="2.343"/>
  <system-out><![CDATA[]]></system-out>
  <system-err><![CDATA[]]></system-err>
</testsuite>
